<?xml version="1.0" encoding="UTF-8"?>
<!-- Generated by org.testng.reporters.JUnitReportReporter -->
<testsuite hostname="Shree" failures="0" tests="1" name="functions.testClass" time="0.010" errors="0" timestamp="21 Aug 2023 07:51:21 GMT" skipped="0">
  <testcase classname="functions.testClass" name="createMonitorInfo" time="0.010"/>
</testsuite> <!-- functions.testClass -->
