<?xml version="1.0" encoding="UTF-8"?>
<!-- Generated by org.testng.reporters.JUnitReportReporter -->
<testsuite hostname="Shree" failures="0" tests="7" name="functions.A_testClass" time="102.802" errors="0" timestamp="23 Aug 2023 14:25:52 GMT" skipped="6">
  <testcase classname="functions.A_testClass" name="createAvailabilityRequest" time="102.802"/>
  <testcase classname="functions.A_testClass" name="createEvent">
    <skipped/>
  </testcase> <!-- createEvent -->
  <testcase classname="functions.A_testClass" name="createStormAmarm">
    <skipped/>
  </testcase> <!-- createStormAmarm -->
  <testcase classname="functions.A_testClass" name="createManualAmarm">
    <skipped/>
  </testcase> <!-- createManualAmarm -->
  <testcase classname="functions.A_testClass" name="createTestAmarm">
    <skipped/>
  </testcase> <!-- createTestAmarm -->
  <testcase classname="functions.A_testClass" name="createInformation">
    <skipped/>
  </testcase> <!-- createInformation -->
  <testcase classname="functions.A_testClass" name="createAmarmWithEscalation">
    <skipped/>
  </testcase> <!-- createAmarmWithEscalation -->
</testsuite> <!-- functions.A_testClass -->
